<?xml version="1.0" encoding="UTF-8"?>
<testsuite name="labZero.TemperatureTheoryTest" tests="1" skipped="0" failures="0" errors="0" timestamp="2020-08-25T17:12:41" hostname="DESKTOP-SS7KOTE" time="0.01">
  <properties/>
  <testcase name="testProperty" classname="labZero.TemperatureTheoryTest" time="0.01"/>
  <system-out><![CDATA[]]></system-out>
  <system-err><![CDATA[]]></system-err>
</testsuite>
